<?xml version="1.0" encoding="UTF-8"?>
<!-- Generated by org.testng.reporters.JUnitXMLReporter -->
<testsuite ignored="0" hostname="Manoj" failures="0" tests="1" name="Test" time="0.074" errors="0" timestamp="2024-03-12T08:41:29 IST">
  <testcase classname="PomProject.LoginPage" name="@BeforeMethod BeforeLoad" time="-1.710213089102E9">
    <failure type="org.testng.TestNGException" message="
Can inject only one of &amp;lt;ITestContext, XmlTest, Method, Object[], ITestResult&amp;gt; into a @BeforeMethod annotated BeforeLoad.
For more information on native dependency injection please refer to https://testng.org/doc/documentation-main.html#native-dependency-injection">
      <![CDATA[org.testng.TestNGException: 
Can inject only one of <ITestContext, XmlTest, Method, Object[], ITestResult> into a @BeforeMethod annotated BeforeLoad.
For more information on native dependency injection please refer to https://testng.org/doc/documentation-main.html#native-dependency-injection
at java.base/java.util.ArrayList.forEach(ArrayList.java:1596)
... Removed 28 stack frames]]>
    </failure>
  </testcase> <!-- @BeforeMethod BeforeLoad -->
  <testcase classname="PomProject.LoginPage" name="@AfterMethod Closure" time="-1.710213089127E9">
    <skipped/>
  </testcase> <!-- @AfterMethod Closure -->
  <testcase classname="PomProject.LoginPage" name="AfterLoad" time="0.0">
    <skipped/>
  </testcase> <!-- AfterLoad -->
</testsuite> <!-- Test -->
