<?xml version="1.0" encoding="UTF-8"?>
<testng-results ignored="0" total="1" passed="1" failed="0" skipped="0">
  <reporter-output>
  </reporter-output>
  <suite started-at="2024-03-12T08:42:10 IST" name="Default suite" finished-at="2024-03-12T08:42:19 IST" duration-ms="9285">
    <groups>
    </groups>
    <test started-at="2024-03-12T08:42:10 IST" name="Default test" finished-at="2024-03-12T08:42:19 IST" duration-ms="9285">
      <class name="PomProject.LoginPage">
        <test-method is-config="true" signature="BeforeLoad()[pri:0, instance:PomProject.LoginPage@123ef382]" started-at="2024-03-12T08:42:10 IST" name="BeforeLoad" finished-at="2024-03-12T08:42:13 IST" duration-ms="2916" status="PASS">
          <reporter-output>
          </reporter-output>
        </test-method> <!-- BeforeLoad -->
        <test-method signature="AfterLoad()[pri:0, instance:PomProject.LoginPage@123ef382]" started-at="2024-03-12T08:42:13 IST" name="AfterLoad" finished-at="2024-03-12T08:42:16 IST" duration-ms="3142" status="PASS">
          <reporter-output>
          </reporter-output>
        </test-method> <!-- AfterLoad -->
        <test-method is-config="true" signature="Closure()[pri:0, instance:PomProject.LoginPage@123ef382]" started-at="2024-03-12T08:42:16 IST" name="Closure" finished-at="2024-03-12T08:42:19 IST" duration-ms="3170" status="PASS">
          <reporter-output>
          </reporter-output>
        </test-method> <!-- Closure -->
      </class> <!-- PomProject.LoginPage -->
    </test> <!-- Default test -->
  </suite> <!-- Default suite -->
</testng-results>
